{"F:\\Bootcamp\\Ultimate-Todo-List-App\\Part1-BackendServer\\Step2-Todo-SqlDB\\lib\\app.ts": {"path":"F:\\Bootcamp\\Ultimate-Todo-List-App\\Part1-BackendServer\\Step2-Todo-SqlDB\\lib\\app.ts","statementMap":{"0":{"start":{"line":1,"column":0},"end":{"line":1,"column":34}},"1":{"start":{"line":2,"column":0},"end":{"line":2,"column":41}},"2":{"start":{"line":4,"column":0},"end":{"line":4,"column":42}},"3":{"start":{"line":5,"column":0},"end":{"line":5,"column":45}},"4":{"start":{"line":6,"column":0},"end":{"line":6,"column":29}},"5":{"start":{"line":9,"column":0},"end":{"line":9,"column":40}},"6":{"start":{"line":15,"column":12},"end":{"line":15,"column":21}},"7":{"start":{"line":41,"column":8},"end":{"line":41,"column":11}},"8":{"start":{"line":16,"column":0},"end":{"line":18,"column":6}},"9":{"start":{"line":21,"column":0},"end":{"line":21,"column":27}},"10":{"start":{"line":22,"column":0},"end":{"line":26,"column":4}},"11":{"start":{"line":27,"column":0},"end":{"line":27,"column":24}},"12":{"start":{"line":35,"column":0},"end":{"line":35,"column":30}},"13":{"start":{"line":40,"column":0},"end":{"line":40,"column":57}}},"fnMap":{},"branchMap":{},"s":{"0":1,"1":1,"2":1,"3":1,"4":1,"5":1,"6":1,"7":1,"8":1,"9":1,"10":1,"11":1,"12":1,"13":1},"f":{},"b":{}}
,"F:\\Bootcamp\\Ultimate-Todo-List-App\\Part1-BackendServer\\Step2-Todo-SqlDB\\lib\\Sqlconnection\\index.ts": {"path":"F:\\Bootcamp\\Ultimate-Todo-List-App\\Part1-BackendServer\\Step2-Todo-SqlDB\\lib\\Sqlconnection\\index.ts","statementMap":{"0":{"start":{"line":1,"column":0},"end":{"line":1,"column":25}},"1":{"start":{"line":2,"column":12},"end":{"line":2,"column":39}},"2":{"start":{"line":6,"column":15},"end":{"line":8,"column":4}},"3":{"start":{"line":9,"column":2},"end":{"line":16,"column":5}},"4":{"start":{"line":10,"column":6},"end":{"line":15,"column":7}},"5":{"start":{"line":11,"column":10},"end":{"line":11,"column":27}},"6":{"start":{"line":14,"column":10},"end":{"line":14,"column":49}},"7":{"start":{"line":19,"column":0},"end":{"line":19,"column":22}}},"fnMap":{"0":{"name":"(anonymous_0)","decl":{"start":{"line":9,"column":17},"end":{"line":9,"column":18}},"loc":{"start":{"line":9,"column":24},"end":{"line":16,"column":3}}}},"branchMap":{"0":{"loc":{"start":{"line":10,"column":6},"end":{"line":15,"column":7}},"type":"if","locations":[{"start":{"line":10,"column":6},"end":{"line":15,"column":7}},{"start":{"line":10,"column":6},"end":{"line":15,"column":7}}]}},"s":{"0":1,"1":1,"2":1,"3":1,"4":1,"5":0,"6":1,"7":1},"f":{"0":1},"b":{"0":[0,1]}}
,"F:\\Bootcamp\\Ultimate-Todo-List-App\\Part1-BackendServer\\Step2-Todo-SqlDB\\lib\\config\\dev.ts": {"path":"F:\\Bootcamp\\Ultimate-Todo-List-App\\Part1-BackendServer\\Step2-Todo-SqlDB\\lib\\config\\dev.ts","statementMap":{"0":{"start":{"line":1,"column":0},"end":{"line":1,"column":61}}},"fnMap":{},"branchMap":{},"s":{"0":1},"f":{},"b":{}}
,"F:\\Bootcamp\\Ultimate-Todo-List-App\\Part1-BackendServer\\Step2-Todo-SqlDB\\lib\\config\\key.ts": {"path":"F:\\Bootcamp\\Ultimate-Todo-List-App\\Part1-BackendServer\\Step2-Todo-SqlDB\\lib\\config\\key.ts","statementMap":{"0":{"start":{"line":1,"column":0},"end":{"line":5,"column":1}},"1":{"start":{"line":2,"column":4},"end":{"line":2,"column":39}},"2":{"start":{"line":4,"column":4},"end":{"line":4,"column":38}}},"fnMap":{},"branchMap":{"0":{"loc":{"start":{"line":1,"column":0},"end":{"line":5,"column":1}},"type":"if","locations":[{"start":{"line":1,"column":0},"end":{"line":5,"column":1}},{"start":{"line":1,"column":0},"end":{"line":5,"column":1}}]}},"s":{"0":1,"1":0,"2":1},"f":{},"b":{"0":[0,1]}}
,"F:\\Bootcamp\\Ultimate-Todo-List-App\\Part1-BackendServer\\Step2-Todo-SqlDB\\lib\\routes\\users.ts": {"path":"F:\\Bootcamp\\Ultimate-Todo-List-App\\Part1-BackendServer\\Step2-Todo-SqlDB\\lib\\routes\\users.ts","statementMap":{"0":{"start":{"line":1,"column":0},"end":{"line":1,"column":34}},"1":{"start":{"line":3,"column":13},"end":{"line":3,"column":29}},"2":{"start":{"line":4,"column":0},"end":{"line":4,"column":37}},"3":{"start":{"line":7,"column":0},"end":{"line":11,"column":2}},"4":{"start":{"line":9,"column":4},"end":{"line":9,"column":43}},"5":{"start":{"line":17,"column":0},"end":{"line":36,"column":3}},"6":{"start":{"line":18,"column":18},"end":{"line":21,"column":7}},"7":{"start":{"line":24,"column":6},"end":{"line":34,"column":8}},"8":{"start":{"line":25,"column":8},"end":{"line":33,"column":9}},"9":{"start":{"line":26,"column":10},"end":{"line":26,"column":32}},"10":{"start":{"line":27,"column":10},"end":{"line":27,"column":23}},"11":{"start":{"line":28,"column":10},"end":{"line":28,"column":36}},"12":{"start":{"line":30,"column":10},"end":{"line":30,"column":33}},"13":{"start":{"line":31,"column":10},"end":{"line":31,"column":23}},"14":{"start":{"line":32,"column":10},"end":{"line":32,"column":42}},"15":{"start":{"line":38,"column":0},"end":{"line":38,"column":22}}},"fnMap":{"0":{"name":"(anonymous_0)","decl":{"start":{"line":7,"column":15},"end":{"line":7,"column":16}},"loc":{"start":{"line":7,"column":26},"end":{"line":11,"column":1}}},"1":{"name":"(anonymous_1)","decl":{"start":{"line":17,"column":22},"end":{"line":17,"column":23}},"loc":{"start":{"line":17,"column":33},"end":{"line":36,"column":1}}},"2":{"name":"(anonymous_2)","decl":{"start":{"line":24,"column":26},"end":{"line":24,"column":27}},"loc":{"start":{"line":24,"column":40},"end":{"line":34,"column":7}}}},"branchMap":{"0":{"loc":{"start":{"line":25,"column":8},"end":{"line":33,"column":9}},"type":"if","locations":[{"start":{"line":25,"column":8},"end":{"line":33,"column":9}},{"start":{"line":25,"column":8},"end":{"line":33,"column":9}}]}},"s":{"0":1,"1":1,"2":1,"3":1,"4":1,"5":1,"6":1,"7":1,"8":1,"9":0,"10":0,"11":0,"12":1,"13":1,"14":1,"15":1},"f":{"0":1,"1":1,"2":1},"b":{"0":[0,1]}}
}
