TN:
SF:F:\Bootcamp\Ultimate-Todo-List-App\Part1-BackendServer\Step2-Todo-SqlDB\lib\app.ts
FNF:0
FNH:0
DA:1,1
DA:2,1
DA:4,1
DA:5,1
DA:6,1
DA:9,1
DA:15,1
DA:16,1
DA:21,1
DA:22,1
DA:27,1
DA:35,1
DA:40,1
DA:41,1
LF:14
LH:14
BRF:0
BRH:0
end_of_record
TN:
SF:F:\Bootcamp\Ultimate-Todo-List-App\Part1-BackendServer\Step2-Todo-SqlDB\lib\Sqlconnection\index.ts
FN:9,(anonymous_0)
FNF:1
FNH:1
FNDA:1,(anonymous_0)
DA:1,1
DA:2,1
DA:6,1
DA:9,1
DA:10,1
DA:11,0
DA:14,1
DA:19,1
LF:8
LH:7
BRDA:10,0,0,0
BRDA:10,0,1,1
BRF:2
BRH:1
end_of_record
TN:
SF:F:\Bootcamp\Ultimate-Todo-List-App\Part1-BackendServer\Step2-Todo-SqlDB\lib\config\dev.ts
FNF:0
FNH:0
DA:1,1
LF:1
LH:1
BRF:0
BRH:0
end_of_record
TN:
SF:F:\Bootcamp\Ultimate-Todo-List-App\Part1-BackendServer\Step2-Todo-SqlDB\lib\config\key.ts
FNF:0
FNH:0
DA:1,1
DA:2,0
DA:4,1
LF:3
LH:2
BRDA:1,0,0,0
BRDA:1,0,1,1
BRF:2
BRH:1
end_of_record
TN:
SF:F:\Bootcamp\Ultimate-Todo-List-App\Part1-BackendServer\Step2-Todo-SqlDB\lib\routes\users.ts
FN:7,(anonymous_0)
FN:17,(anonymous_1)
FN:24,(anonymous_2)
FNF:3
FNH:3
FNDA:1,(anonymous_0)
FNDA:1,(anonymous_1)
FNDA:1,(anonymous_2)
DA:1,1
DA:3,1
DA:4,1
DA:7,1
DA:9,1
DA:17,1
DA:18,1
DA:24,1
DA:25,1
DA:26,0
DA:27,0
DA:28,0
DA:30,1
DA:31,1
DA:32,1
DA:38,1
LF:16
LH:13
BRDA:25,0,0,0
BRDA:25,0,1,1
BRF:2
BRH:1
end_of_record
