TN:
SF:F:\Bootcamp\Ultimate-Todo-List-App\Part1-BackendServer\Step2-Todo-SqlDB\lib\app.ts
FNF:0
FNH:0
DA:1,2
DA:2,2
DA:3,2
DA:4,2
DA:5,2
DA:6,2
DA:7,2
DA:8,2
DA:9,2
DA:14,2
DA:15,2
DA:20,2
DA:21,2
DA:26,2
DA:29,2
DA:30,2
DA:31,2
DA:34,2
DA:35,2
DA:39,2
DA:40,2
LF:21
LH:21
BRF:0
BRH:0
end_of_record
TN:
SF:F:\Bootcamp\Ultimate-Todo-List-App\Part1-BackendServer\Step2-Todo-SqlDB\lib\Sqlconnection\index.ts
FN:20,(anonymous_0)
FN:25,(anonymous_1)
FNF:2
FNH:1
FNDA:2,(anonymous_0)
FNDA:0,(anonymous_1)
DA:1,2
DA:2,2
DA:4,2
DA:7,0
DA:9,0
DA:10,0
DA:15,2
DA:17,2
DA:19,2
DA:21,2
DA:22,2
DA:26,0
DA:29,2
LF:13
LH:9
BRDA:7,0,0,0
BRDA:7,0,1,0
BRDA:10,1,0,0
BRDA:10,1,1,0
BRDA:26,2,0,0
BRDA:26,2,1,0
BRF:6
BRH:0
end_of_record
TN:
SF:F:\Bootcamp\Ultimate-Todo-List-App\Part1-BackendServer\Step2-Todo-SqlDB\lib\config\dev.ts
FNF:0
FNH:0
DA:1,2
LF:1
LH:1
BRF:0
BRH:0
end_of_record
TN:
SF:F:\Bootcamp\Ultimate-Todo-List-App\Part1-BackendServer\Step2-Todo-SqlDB\lib\config\key.ts
FNF:0
FNH:0
DA:1,2
DA:2,0
DA:4,2
LF:3
LH:2
BRDA:1,0,0,0
BRDA:1,0,1,2
BRF:2
BRH:1
end_of_record
TN:
SF:F:\Bootcamp\Ultimate-Todo-List-App\Part1-BackendServer\Step2-Todo-SqlDB\lib\config\Passport\index.ts
FN:5,default_1
FN:9,(anonymous_1)
FN:12,(anonymous_2)
FN:28,(anonymous_3)
FN:36,(anonymous_4)
FN:40,(anonymous_5)
FN:43,(anonymous_6)
FN:47,(anonymous_7)
FNF:8
FNH:4
FNDA:2,default_1
FNDA:1,(anonymous_1)
FNDA:1,(anonymous_2)
FNDA:0,(anonymous_3)
FNDA:1,(anonymous_4)
FNDA:0,(anonymous_5)
FNDA:0,(anonymous_6)
FNDA:0,(anonymous_7)
DA:1,2
DA:2,2
DA:3,2
DA:5,2
DA:8,2
DA:11,1
DA:15,1
DA:16,0
DA:17,0
DA:20,1
DA:21,0
DA:22,0
DA:23,0
DA:25,1
DA:26,1
DA:30,0
DA:36,2
DA:37,1
DA:40,2
DA:42,0
DA:45,0
DA:49,0
LF:22
LH:13
BRDA:15,0,0,0
BRDA:15,0,1,1
BRDA:20,1,0,0
BRDA:20,1,1,1
BRF:4
BRH:2
end_of_record
TN:
SF:F:\Bootcamp\Ultimate-Todo-List-App\Part1-BackendServer\Step2-Todo-SqlDB\lib\routes\addToDo.ts
FN:7,(anonymous_0)
FN:13,(anonymous_1)
FN:16,(anonymous_2)
FN:20,(anonymous_3)
FNF:4
FNH:3
FNDA:1,(anonymous_0)
FNDA:1,(anonymous_1)
FNDA:1,(anonymous_2)
FNDA:0,(anonymous_3)
DA:1,2
DA:2,2
DA:3,2
DA:7,2
DA:8,1
DA:13,2
DA:15,1
DA:17,1
DA:18,1
DA:21,0
DA:22,0
DA:31,2
LF:12
LH:10
BRF:0
BRH:0
end_of_record
TN:
SF:F:\Bootcamp\Ultimate-Todo-List-App\Part1-BackendServer\Step2-Todo-SqlDB\lib\routes\users.ts
FN:8,(anonymous_0)
FN:11,(anonymous_1)
FN:15,(anonymous_2)
FN:26,(anonymous_3)
FN:29,(anonymous_4)
FN:33,(anonymous_5)
FN:43,(anonymous_6)
FN:50,(anonymous_7)
FN:57,(anonymous_8)
FNF:9
FNH:5
FNDA:1,(anonymous_0)
FNDA:1,(anonymous_1)
FNDA:0,(anonymous_2)
FNDA:0,(anonymous_3)
FNDA:0,(anonymous_4)
FNDA:0,(anonymous_5)
FNDA:1,(anonymous_6)
FNDA:1,(anonymous_7)
FNDA:1,(anonymous_8)
DA:1,2
DA:2,2
DA:3,2
DA:4,2
DA:8,2
DA:10,1
DA:13,1
DA:17,0
DA:26,2
DA:28,0
DA:30,0
DA:31,0
DA:34,0
DA:35,0
DA:43,2
DA:44,1
DA:50,2
DA:51,1
DA:52,1
DA:57,2
DA:58,1
DA:59,0
DA:62,1
DA:66,2
LF:24
LH:17
BRDA:58,0,0,0
BRDA:58,0,1,1
BRF:2
BRH:1
end_of_record
