{"F:\\Bootcamp\\Ultimate-Todo-List-App\\Part1-BackendServer\\Step1-Todo-NoSqlBase\\lib\\app.ts": {"path":"F:\\Bootcamp\\Ultimate-Todo-List-App\\Part1-BackendServer\\Step1-Todo-NoSqlBase\\lib\\app.ts","statementMap":{"0":{"start":{"line":1,"column":0},"end":{"line":1,"column":34}},"1":{"start":{"line":2,"column":0},"end":{"line":2,"column":41}},"2":{"start":{"line":3,"column":0},"end":{"line":3,"column":36}},"3":{"start":{"line":4,"column":0},"end":{"line":4,"column":42}},"4":{"start":{"line":5,"column":0},"end":{"line":5,"column":45}},"5":{"start":{"line":6,"column":0},"end":{"line":6,"column":29}},"6":{"start":{"line":7,"column":0},"end":{"line":7,"column":36}},"7":{"start":{"line":8,"column":0},"end":{"line":8,"column":45}},"8":{"start":{"line":9,"column":0},"end":{"line":9,"column":40}},"9":{"start":{"line":10,"column":0},"end":{"line":10,"column":41}},"10":{"start":{"line":11,"column":12},"end":{"line":11,"column":35}},"11":{"start":{"line":15,"column":12},"end":{"line":15,"column":21}},"12":{"start":{"line":48,"column":8},"end":{"line":48,"column":11}},"13":{"start":{"line":16,"column":0},"end":{"line":18,"column":6}},"14":{"start":{"line":21,"column":0},"end":{"line":21,"column":27}},"15":{"start":{"line":22,"column":0},"end":{"line":26,"column":4}},"16":{"start":{"line":28,"column":0},"end":{"line":28,"column":24}},"17":{"start":{"line":31,"column":0},"end":{"line":34,"column":3}},"18":{"start":{"line":32,"column":2},"end":{"line":32,"column":21}},"19":{"start":{"line":32,"column":11},"end":{"line":32,"column":21}},"20":{"start":{"line":33,"column":2},"end":{"line":33,"column":40}},"21":{"start":{"line":37,"column":0},"end":{"line":37,"column":31}},"22":{"start":{"line":38,"column":0},"end":{"line":38,"column":28}},"23":{"start":{"line":39,"column":0},"end":{"line":39,"column":16}},"24":{"start":{"line":42,"column":0},"end":{"line":42,"column":30}},"25":{"start":{"line":43,"column":0},"end":{"line":43,"column":38}},"26":{"start":{"line":47,"column":0},"end":{"line":47,"column":57}}},"fnMap":{"0":{"name":"(anonymous_0)","decl":{"start":{"line":31,"column":50},"end":{"line":31,"column":59}},"loc":{"start":{"line":31,"column":63},"end":{"line":34,"column":1}}}},"branchMap":{"0":{"loc":{"start":{"line":32,"column":2},"end":{"line":32,"column":21}},"type":"if","locations":[{"start":{"line":32,"column":2},"end":{"line":32,"column":21}},{"start":{"line":32,"column":2},"end":{"line":32,"column":21}}]}},"s":{"0":2,"1":2,"2":2,"3":2,"4":2,"5":2,"6":2,"7":2,"8":2,"9":2,"10":2,"11":2,"12":2,"13":2,"14":2,"15":2,"16":2,"17":2,"18":2,"19":0,"20":2,"21":2,"22":2,"23":2,"24":2,"25":2,"26":2},"f":{"0":2},"b":{"0":[0,2]}}
,"F:\\Bootcamp\\Ultimate-Todo-List-App\\Part1-BackendServer\\Step1-Todo-NoSqlBase\\lib\\config\\dev.ts": {"path":"F:\\Bootcamp\\Ultimate-Todo-List-App\\Part1-BackendServer\\Step1-Todo-NoSqlBase\\lib\\config\\dev.ts","statementMap":{"0":{"start":{"line":1,"column":0},"end":{"line":1,"column":85}}},"fnMap":{},"branchMap":{},"s":{"0":2},"f":{},"b":{}}
,"F:\\Bootcamp\\Ultimate-Todo-List-App\\Part1-BackendServer\\Step1-Todo-NoSqlBase\\lib\\config\\key.ts": {"path":"F:\\Bootcamp\\Ultimate-Todo-List-App\\Part1-BackendServer\\Step1-Todo-NoSqlBase\\lib\\config\\key.ts","statementMap":{"0":{"start":{"line":1,"column":0},"end":{"line":5,"column":1}},"1":{"start":{"line":2,"column":4},"end":{"line":2,"column":39}},"2":{"start":{"line":4,"column":4},"end":{"line":4,"column":38}}},"fnMap":{},"branchMap":{"0":{"loc":{"start":{"line":1,"column":0},"end":{"line":5,"column":1}},"type":"if","locations":[{"start":{"line":1,"column":0},"end":{"line":5,"column":1}},{"start":{"line":1,"column":0},"end":{"line":5,"column":1}}]}},"s":{"0":2,"1":0,"2":2},"f":{},"b":{"0":[0,2]}}
,"F:\\Bootcamp\\Ultimate-Todo-List-App\\Part1-BackendServer\\Step1-Todo-NoSqlBase\\lib\\config\\Passport\\index.ts": {"path":"F:\\Bootcamp\\Ultimate-Todo-List-App\\Part1-BackendServer\\Step1-Todo-NoSqlBase\\lib\\config\\Passport\\index.ts","statementMap":{"0":{"start":{"line":1,"column":15},"end":{"line":1,"column":34}},"1":{"start":{"line":2,"column":0},"end":{"line":2,"column":56}},"2":{"start":{"line":3,"column":0},"end":{"line":3,"column":49}},"3":{"start":{"line":9,"column":0},"end":{"line":23,"column":3}},"4":{"start":{"line":12,"column":4},"end":{"line":21,"column":7}},"5":{"start":{"line":13,"column":8},"end":{"line":13,"column":38}},"6":{"start":{"line":13,"column":19},"end":{"line":13,"column":36}},"7":{"start":{"line":14,"column":8},"end":{"line":16,"column":9}},"8":{"start":{"line":15,"column":12},"end":{"line":15,"column":73}},"9":{"start":{"line":17,"column":8},"end":{"line":19,"column":9}},"10":{"start":{"line":18,"column":12},"end":{"line":18,"column":73}},"11":{"start":{"line":20,"column":8},"end":{"line":20,"column":32}},"12":{"start":{"line":25,"column":0},"end":{"line":27,"column":3}},"13":{"start":{"line":26,"column":3},"end":{"line":26,"column":24}},"14":{"start":{"line":29,"column":0},"end":{"line":34,"column":3}},"15":{"start":{"line":31,"column":0},"end":{"line":33,"column":3}},"16":{"start":{"line":32,"column":4},"end":{"line":32,"column":20}},"17":{"start":{"line":6,"column":0},"end":{"line":37,"column":1}}},"fnMap":{"0":{"name":"default_1","decl":{"start":{"line":6,"column":0},"end":{"line":null,"column":-1}},"loc":{"start":{"line":6,"column":0},"end":{"line":37,"column":1}}},"1":{"name":"(anonymous_1)","decl":{"start":{"line":10,"column":0},"end":{"line":10,"column":9}},"loc":{"start":{"line":10,"column":31},"end":{"line":22,"column":1}}},"2":{"name":"(anonymous_2)","decl":{"start":{"line":12,"column":40},"end":{"line":12,"column":49}},"loc":{"start":{"line":12,"column":59},"end":{"line":21,"column":5}}},"3":{"name":"(anonymous_3)","decl":{"start":{"line":25,"column":23},"end":{"line":25,"column":32}},"loc":{"start":{"line":25,"column":43},"end":{"line":27,"column":1}}},"4":{"name":"(anonymous_4)","decl":{"start":{"line":29,"column":25},"end":{"line":29,"column":34}},"loc":{"start":{"line":29,"column":43},"end":{"line":34,"column":1}}},"5":{"name":"(anonymous_5)","decl":{"start":{"line":31,"column":23},"end":{"line":31,"column":32}},"loc":{"start":{"line":31,"column":42},"end":{"line":33,"column":1}}}},"branchMap":{"0":{"loc":{"start":{"line":13,"column":8},"end":{"line":13,"column":38}},"type":"if","locations":[{"start":{"line":13,"column":8},"end":{"line":13,"column":38}},{"start":{"line":13,"column":8},"end":{"line":13,"column":38}}]},"1":{"loc":{"start":{"line":14,"column":8},"end":{"line":16,"column":9}},"type":"if","locations":[{"start":{"line":14,"column":8},"end":{"line":16,"column":9}},{"start":{"line":14,"column":8},"end":{"line":16,"column":9}}]},"2":{"loc":{"start":{"line":17,"column":8},"end":{"line":19,"column":9}},"type":"if","locations":[{"start":{"line":17,"column":8},"end":{"line":19,"column":9}},{"start":{"line":17,"column":8},"end":{"line":19,"column":9}}]}},"s":{"0":2,"1":2,"2":2,"3":2,"4":1,"5":1,"6":0,"7":1,"8":0,"9":1,"10":0,"11":1,"12":2,"13":1,"14":2,"15":0,"16":0,"17":2},"f":{"0":2,"1":1,"2":1,"3":1,"4":0,"5":0},"b":{"0":[0,1],"1":[0,1],"2":[0,1]}}
,"F:\\Bootcamp\\Ultimate-Todo-List-App\\Part1-BackendServer\\Step1-Todo-NoSqlBase\\lib\\models\\todoSchema.ts": {"path":"F:\\Bootcamp\\Ultimate-Todo-List-App\\Part1-BackendServer\\Step1-Todo-NoSqlBase\\lib\\models\\todoSchema.ts","statementMap":{"0":{"start":{"line":1,"column":0},"end":{"line":1,"column":36}},"1":{"start":{"line":3,"column":17},"end":{"line":7,"column":2}},"2":{"start":{"line":9,"column":17},"end":{"line":9,"column":51}},"3":{"start":{"line":11,"column":0},"end":{"line":11,"column":26}}},"fnMap":{},"branchMap":{},"s":{"0":2,"1":2,"2":2,"3":2},"f":{},"b":{}}
,"F:\\Bootcamp\\Ultimate-Todo-List-App\\Part1-BackendServer\\Step1-Todo-NoSqlBase\\lib\\models\\usersSchema.ts": {"path":"F:\\Bootcamp\\Ultimate-Todo-List-App\\Part1-BackendServer\\Step1-Todo-NoSqlBase\\lib\\models\\usersSchema.ts","statementMap":{"0":{"start":{"line":1,"column":0},"end":{"line":1,"column":36}},"1":{"start":{"line":3,"column":17},"end":{"line":7,"column":2}},"2":{"start":{"line":9,"column":18},"end":{"line":9,"column":53}},"3":{"start":{"line":11,"column":0},"end":{"line":11,"column":27}}},"fnMap":{},"branchMap":{},"s":{"0":2,"1":2,"2":2,"3":2},"f":{},"b":{}}
,"F:\\Bootcamp\\Ultimate-Todo-List-App\\Part1-BackendServer\\Step1-Todo-NoSqlBase\\lib\\routes\\addToDo.ts": {"path":"F:\\Bootcamp\\Ultimate-Todo-List-App\\Part1-BackendServer\\Step1-Todo-NoSqlBase\\lib\\routes\\addToDo.ts","statementMap":{"0":{"start":{"line":1,"column":0},"end":{"line":1,"column":34}},"1":{"start":{"line":2,"column":0},"end":{"line":2,"column":45}},"2":{"start":{"line":3,"column":13},"end":{"line":3,"column":29}},"3":{"start":{"line":6,"column":0},"end":{"line":8,"column":2}},"4":{"start":{"line":7,"column":4},"end":{"line":7,"column":44}},"5":{"start":{"line":12,"column":0},"end":{"line":22,"column":3}},"6":{"start":{"line":13,"column":18},"end":{"line":13,"column":42}},"7":{"start":{"line":14,"column":4},"end":{"line":21,"column":7}},"8":{"start":{"line":15,"column":8},"end":{"line":20,"column":9}},"9":{"start":{"line":16,"column":12},"end":{"line":16,"column":60}},"10":{"start":{"line":19,"column":12},"end":{"line":19,"column":39}},"11":{"start":{"line":26,"column":0},"end":{"line":36,"column":2}},"12":{"start":{"line":27,"column":4},"end":{"line":34,"column":7}},"13":{"start":{"line":28,"column":8},"end":{"line":33,"column":9}},"14":{"start":{"line":29,"column":12},"end":{"line":29,"column":38}},"15":{"start":{"line":32,"column":12},"end":{"line":32,"column":39}},"16":{"start":{"line":40,"column":0},"end":{"line":50,"column":2}},"17":{"start":{"line":42,"column":4},"end":{"line":49,"column":7}},"18":{"start":{"line":43,"column":8},"end":{"line":48,"column":9}},"19":{"start":{"line":44,"column":8},"end":{"line":44,"column":34}},"20":{"start":{"line":47,"column":12},"end":{"line":47,"column":39}},"21":{"start":{"line":54,"column":0},"end":{"line":70,"column":2}},"22":{"start":{"line":56,"column":4},"end":{"line":69,"column":7}},"23":{"start":{"line":63,"column":8},"end":{"line":68,"column":9}},"24":{"start":{"line":64,"column":8},"end":{"line":64,"column":34}},"25":{"start":{"line":67,"column":8},"end":{"line":67,"column":35}},"26":{"start":{"line":74,"column":0},"end":{"line":84,"column":2}},"27":{"start":{"line":76,"column":4},"end":{"line":83,"column":7}},"28":{"start":{"line":77,"column":8},"end":{"line":82,"column":9}},"29":{"start":{"line":78,"column":12},"end":{"line":78,"column":60}},"30":{"start":{"line":81,"column":12},"end":{"line":81,"column":44}},"31":{"start":{"line":87,"column":0},"end":{"line":87,"column":22}}},"fnMap":{"0":{"name":"(anonymous_0)","decl":{"start":{"line":6,"column":15},"end":{"line":6,"column":16}},"loc":{"start":{"line":6,"column":26},"end":{"line":8,"column":1}}},"1":{"name":"(anonymous_1)","decl":{"start":{"line":12,"column":21},"end":{"line":12,"column":22}},"loc":{"start":{"line":12,"column":32},"end":{"line":22,"column":1}}},"2":{"name":"(anonymous_2)","decl":{"start":{"line":14,"column":17},"end":{"line":14,"column":18}},"loc":{"start":{"line":14,"column":29},"end":{"line":21,"column":5}}},"3":{"name":"(anonymous_3)","decl":{"start":{"line":26,"column":20},"end":{"line":26,"column":21}},"loc":{"start":{"line":26,"column":31},"end":{"line":36,"column":1}}},"4":{"name":"(anonymous_4)","decl":{"start":{"line":27,"column":23},"end":{"line":27,"column":24}},"loc":{"start":{"line":27,"column":35},"end":{"line":34,"column":5}}},"5":{"name":"(anonymous_5)","decl":{"start":{"line":40,"column":23},"end":{"line":40,"column":24}},"loc":{"start":{"line":40,"column":34},"end":{"line":50,"column":1}}},"6":{"name":"(anonymous_6)","decl":{"start":{"line":42,"column":43},"end":{"line":42,"column":44}},"loc":{"start":{"line":42,"column":55},"end":{"line":49,"column":5}}},"7":{"name":"(anonymous_7)","decl":{"start":{"line":54,"column":23},"end":{"line":54,"column":24}},"loc":{"start":{"line":54,"column":34},"end":{"line":70,"column":1}}},"8":{"name":"(anonymous_8)","decl":{"start":{"line":62,"column":9},"end":{"line":62,"column":10}},"loc":{"start":{"line":62,"column":21},"end":{"line":69,"column":5}}},"9":{"name":"(anonymous_9)","decl":{"start":{"line":74,"column":26},"end":{"line":74,"column":27}},"loc":{"start":{"line":74,"column":37},"end":{"line":84,"column":1}}},"10":{"name":"(anonymous_10)","decl":{"start":{"line":76,"column":52},"end":{"line":76,"column":53}},"loc":{"start":{"line":76,"column":59},"end":{"line":83,"column":5}}}},"branchMap":{"0":{"loc":{"start":{"line":15,"column":8},"end":{"line":20,"column":9}},"type":"if","locations":[{"start":{"line":15,"column":8},"end":{"line":20,"column":9}},{"start":{"line":15,"column":8},"end":{"line":20,"column":9}}]},"1":{"loc":{"start":{"line":28,"column":8},"end":{"line":33,"column":9}},"type":"if","locations":[{"start":{"line":28,"column":8},"end":{"line":33,"column":9}},{"start":{"line":28,"column":8},"end":{"line":33,"column":9}}]},"2":{"loc":{"start":{"line":43,"column":8},"end":{"line":48,"column":9}},"type":"if","locations":[{"start":{"line":43,"column":8},"end":{"line":48,"column":9}},{"start":{"line":43,"column":8},"end":{"line":48,"column":9}}]},"3":{"loc":{"start":{"line":63,"column":8},"end":{"line":68,"column":9}},"type":"if","locations":[{"start":{"line":63,"column":8},"end":{"line":68,"column":9}},{"start":{"line":63,"column":8},"end":{"line":68,"column":9}}]},"4":{"loc":{"start":{"line":77,"column":8},"end":{"line":82,"column":9}},"type":"if","locations":[{"start":{"line":77,"column":8},"end":{"line":82,"column":9}},{"start":{"line":77,"column":8},"end":{"line":82,"column":9}}]}},"s":{"0":2,"1":2,"2":2,"3":2,"4":1,"5":2,"6":1,"7":1,"8":1,"9":0,"10":1,"11":2,"12":2,"13":2,"14":0,"15":2,"16":2,"17":0,"18":0,"19":0,"20":0,"21":2,"22":0,"23":0,"24":0,"25":0,"26":2,"27":0,"28":0,"29":0,"30":0,"31":2},"f":{"0":1,"1":1,"2":1,"3":2,"4":2,"5":0,"6":0,"7":0,"8":0,"9":0,"10":0},"b":{"0":[0,1],"1":[0,2],"2":[0,0],"3":[0,0],"4":[0,0]}}
,"F:\\Bootcamp\\Ultimate-Todo-List-App\\Part1-BackendServer\\Step1-Todo-NoSqlBase\\lib\\routes\\users.ts": {"path":"F:\\Bootcamp\\Ultimate-Todo-List-App\\Part1-BackendServer\\Step1-Todo-NoSqlBase\\lib\\routes\\users.ts","statementMap":{"0":{"start":{"line":1,"column":0},"end":{"line":1,"column":34}},"1":{"start":{"line":2,"column":0},"end":{"line":2,"column":36}},"2":{"start":{"line":3,"column":0},"end":{"line":3,"column":47}},"3":{"start":{"line":4,"column":13},"end":{"line":4,"column":29}},"4":{"start":{"line":7,"column":0},"end":{"line":9,"column":2}},"5":{"start":{"line":8,"column":4},"end":{"line":8,"column":42}},"6":{"start":{"line":13,"column":0},"end":{"line":23,"column":3}},"7":{"start":{"line":14,"column":18},"end":{"line":14,"column":43}},"8":{"start":{"line":15,"column":4},"end":{"line":22,"column":7}},"9":{"start":{"line":16,"column":8},"end":{"line":21,"column":9}},"10":{"start":{"line":17,"column":12},"end":{"line":17,"column":59}},"11":{"start":{"line":20,"column":12},"end":{"line":20,"column":61}},"12":{"start":{"line":27,"column":0},"end":{"line":30,"column":5}},"13":{"start":{"line":29,"column":4},"end":{"line":29,"column":35}},"14":{"start":{"line":34,"column":0},"end":{"line":37,"column":2}},"15":{"start":{"line":35,"column":4},"end":{"line":35,"column":17}},"16":{"start":{"line":36,"column":4},"end":{"line":36,"column":47}},"17":{"start":{"line":40,"column":0},"end":{"line":47,"column":2}},"18":{"start":{"line":41,"column":4},"end":{"line":46,"column":6}},"19":{"start":{"line":42,"column":8},"end":{"line":42,"column":38}},"20":{"start":{"line":45,"column":8},"end":{"line":45,"column":54}},"21":{"start":{"line":49,"column":0},"end":{"line":49,"column":22}}},"fnMap":{"0":{"name":"(anonymous_0)","decl":{"start":{"line":7,"column":15},"end":{"line":7,"column":16}},"loc":{"start":{"line":7,"column":26},"end":{"line":9,"column":1}}},"1":{"name":"(anonymous_1)","decl":{"start":{"line":13,"column":22},"end":{"line":13,"column":23}},"loc":{"start":{"line":13,"column":33},"end":{"line":23,"column":1}}},"2":{"name":"(anonymous_2)","decl":{"start":{"line":15,"column":17},"end":{"line":15,"column":18}},"loc":{"start":{"line":15,"column":29},"end":{"line":22,"column":5}}},"3":{"name":"(anonymous_3)","decl":{"start":{"line":27,"column":52},"end":{"line":27,"column":53}},"loc":{"start":{"line":27,"column":63},"end":{"line":30,"column":4}}},"4":{"name":"(anonymous_4)","decl":{"start":{"line":34,"column":22},"end":{"line":34,"column":23}},"loc":{"start":{"line":34,"column":33},"end":{"line":37,"column":1}}},"5":{"name":"(anonymous_5)","decl":{"start":{"line":40,"column":28},"end":{"line":40,"column":29}},"loc":{"start":{"line":40,"column":39},"end":{"line":47,"column":1}}}},"branchMap":{"0":{"loc":{"start":{"line":16,"column":8},"end":{"line":21,"column":9}},"type":"if","locations":[{"start":{"line":16,"column":8},"end":{"line":21,"column":9}},{"start":{"line":16,"column":8},"end":{"line":21,"column":9}}]},"1":{"loc":{"start":{"line":41,"column":4},"end":{"line":46,"column":6}},"type":"if","locations":[{"start":{"line":41,"column":4},"end":{"line":46,"column":6}},{"start":{"line":41,"column":4},"end":{"line":46,"column":6}}]}},"s":{"0":2,"1":2,"2":2,"3":2,"4":2,"5":1,"6":2,"7":0,"8":0,"9":0,"10":0,"11":0,"12":2,"13":1,"14":2,"15":1,"16":1,"17":2,"18":1,"19":0,"20":1,"21":2},"f":{"0":1,"1":0,"2":0,"3":1,"4":1,"5":1},"b":{"0":[0,0],"1":[0,1]}}
}
