{"F:\\Bootcamp\\Ultimate-Todo-List-App\\Part1-BackendServer\\Step1-Todo-NoSqlBase\\lib\\app.ts": {"path":"F:\\Bootcamp\\Ultimate-Todo-List-App\\Part1-BackendServer\\Step1-Todo-NoSqlBase\\lib\\app.ts","statementMap":{"0":{"start":{"line":1,"column":0},"end":{"line":1,"column":34}},"1":{"start":{"line":2,"column":0},"end":{"line":2,"column":41}},"2":{"start":{"line":3,"column":0},"end":{"line":3,"column":36}},"3":{"start":{"line":4,"column":0},"end":{"line":4,"column":42}},"4":{"start":{"line":5,"column":0},"end":{"line":5,"column":45}},"5":{"start":{"line":6,"column":0},"end":{"line":6,"column":29}},"6":{"start":{"line":7,"column":0},"end":{"line":7,"column":36}},"7":{"start":{"line":8,"column":0},"end":{"line":8,"column":45}},"8":{"start":{"line":9,"column":0},"end":{"line":9,"column":40}},"9":{"start":{"line":10,"column":12},"end":{"line":10,"column":35}},"10":{"start":{"line":14,"column":12},"end":{"line":14,"column":21}},"11":{"start":{"line":46,"column":8},"end":{"line":46,"column":11}},"12":{"start":{"line":15,"column":0},"end":{"line":17,"column":6}},"13":{"start":{"line":20,"column":0},"end":{"line":20,"column":27}},"14":{"start":{"line":21,"column":0},"end":{"line":25,"column":4}},"15":{"start":{"line":27,"column":0},"end":{"line":27,"column":24}},"16":{"start":{"line":30,"column":0},"end":{"line":33,"column":3}},"17":{"start":{"line":31,"column":2},"end":{"line":31,"column":21}},"18":{"start":{"line":31,"column":11},"end":{"line":31,"column":21}},"19":{"start":{"line":32,"column":2},"end":{"line":32,"column":40}},"20":{"start":{"line":36,"column":0},"end":{"line":36,"column":31}},"21":{"start":{"line":37,"column":0},"end":{"line":37,"column":28}},"22":{"start":{"line":38,"column":0},"end":{"line":38,"column":16}},"23":{"start":{"line":41,"column":0},"end":{"line":41,"column":30}},"24":{"start":{"line":42,"column":0},"end":{"line":42,"column":57}}},"fnMap":{"0":{"name":"(anonymous_0)","decl":{"start":{"line":30,"column":50},"end":{"line":30,"column":59}},"loc":{"start":{"line":30,"column":63},"end":{"line":33,"column":1}}}},"branchMap":{"0":{"loc":{"start":{"line":31,"column":2},"end":{"line":31,"column":21}},"type":"if","locations":[{"start":{"line":31,"column":2},"end":{"line":31,"column":21}},{"start":{"line":31,"column":2},"end":{"line":31,"column":21}}]}},"s":{"0":1,"1":1,"2":1,"3":1,"4":1,"5":1,"6":1,"7":1,"8":1,"9":1,"10":1,"11":1,"12":1,"13":1,"14":1,"15":1,"16":1,"17":0,"18":0,"19":0,"20":1,"21":1,"22":1,"23":1,"24":1},"f":{"0":0},"b":{"0":[0,0]}}
,"F:\\Bootcamp\\Ultimate-Todo-List-App\\Part1-BackendServer\\Step1-Todo-NoSqlBase\\lib\\config\\dev.ts": {"path":"F:\\Bootcamp\\Ultimate-Todo-List-App\\Part1-BackendServer\\Step1-Todo-NoSqlBase\\lib\\config\\dev.ts","statementMap":{"0":{"start":{"line":1,"column":0},"end":{"line":1,"column":85}}},"fnMap":{},"branchMap":{},"s":{"0":1},"f":{},"b":{}}
,"F:\\Bootcamp\\Ultimate-Todo-List-App\\Part1-BackendServer\\Step1-Todo-NoSqlBase\\lib\\config\\key.ts": {"path":"F:\\Bootcamp\\Ultimate-Todo-List-App\\Part1-BackendServer\\Step1-Todo-NoSqlBase\\lib\\config\\key.ts","statementMap":{"0":{"start":{"line":1,"column":0},"end":{"line":5,"column":1}},"1":{"start":{"line":2,"column":4},"end":{"line":2,"column":39}},"2":{"start":{"line":4,"column":4},"end":{"line":4,"column":38}}},"fnMap":{},"branchMap":{"0":{"loc":{"start":{"line":1,"column":0},"end":{"line":5,"column":1}},"type":"if","locations":[{"start":{"line":1,"column":0},"end":{"line":5,"column":1}},{"start":{"line":1,"column":0},"end":{"line":5,"column":1}}]}},"s":{"0":1,"1":0,"2":1},"f":{},"b":{"0":[0,1]}}
,"F:\\Bootcamp\\Ultimate-Todo-List-App\\Part1-BackendServer\\Step1-Todo-NoSqlBase\\lib\\config\\Passport\\index.ts": {"path":"F:\\Bootcamp\\Ultimate-Todo-List-App\\Part1-BackendServer\\Step1-Todo-NoSqlBase\\lib\\config\\Passport\\index.ts","statementMap":{"0":{"start":{"line":1,"column":15},"end":{"line":1,"column":34}},"1":{"start":{"line":2,"column":0},"end":{"line":2,"column":56}},"2":{"start":{"line":3,"column":0},"end":{"line":3,"column":49}},"3":{"start":{"line":9,"column":0},"end":{"line":23,"column":3}},"4":{"start":{"line":12,"column":4},"end":{"line":21,"column":7}},"5":{"start":{"line":13,"column":8},"end":{"line":13,"column":38}},"6":{"start":{"line":13,"column":19},"end":{"line":13,"column":36}},"7":{"start":{"line":14,"column":8},"end":{"line":16,"column":9}},"8":{"start":{"line":15,"column":12},"end":{"line":15,"column":73}},"9":{"start":{"line":17,"column":8},"end":{"line":19,"column":9}},"10":{"start":{"line":18,"column":12},"end":{"line":18,"column":73}},"11":{"start":{"line":20,"column":8},"end":{"line":20,"column":32}},"12":{"start":{"line":25,"column":0},"end":{"line":27,"column":3}},"13":{"start":{"line":26,"column":3},"end":{"line":26,"column":24}},"14":{"start":{"line":29,"column":0},"end":{"line":34,"column":3}},"15":{"start":{"line":31,"column":0},"end":{"line":33,"column":3}},"16":{"start":{"line":32,"column":4},"end":{"line":32,"column":20}},"17":{"start":{"line":6,"column":0},"end":{"line":37,"column":1}}},"fnMap":{"0":{"name":"default_1","decl":{"start":{"line":6,"column":0},"end":{"line":null,"column":-1}},"loc":{"start":{"line":6,"column":0},"end":{"line":37,"column":1}}},"1":{"name":"(anonymous_1)","decl":{"start":{"line":10,"column":0},"end":{"line":10,"column":9}},"loc":{"start":{"line":10,"column":31},"end":{"line":22,"column":1}}},"2":{"name":"(anonymous_2)","decl":{"start":{"line":12,"column":40},"end":{"line":12,"column":49}},"loc":{"start":{"line":12,"column":59},"end":{"line":21,"column":5}}},"3":{"name":"(anonymous_3)","decl":{"start":{"line":25,"column":23},"end":{"line":25,"column":32}},"loc":{"start":{"line":25,"column":43},"end":{"line":27,"column":1}}},"4":{"name":"(anonymous_4)","decl":{"start":{"line":29,"column":25},"end":{"line":29,"column":34}},"loc":{"start":{"line":29,"column":43},"end":{"line":34,"column":1}}},"5":{"name":"(anonymous_5)","decl":{"start":{"line":31,"column":23},"end":{"line":31,"column":32}},"loc":{"start":{"line":31,"column":42},"end":{"line":33,"column":1}}}},"branchMap":{"0":{"loc":{"start":{"line":13,"column":8},"end":{"line":13,"column":38}},"type":"if","locations":[{"start":{"line":13,"column":8},"end":{"line":13,"column":38}},{"start":{"line":13,"column":8},"end":{"line":13,"column":38}}]},"1":{"loc":{"start":{"line":14,"column":8},"end":{"line":16,"column":9}},"type":"if","locations":[{"start":{"line":14,"column":8},"end":{"line":16,"column":9}},{"start":{"line":14,"column":8},"end":{"line":16,"column":9}}]},"2":{"loc":{"start":{"line":17,"column":8},"end":{"line":19,"column":9}},"type":"if","locations":[{"start":{"line":17,"column":8},"end":{"line":19,"column":9}},{"start":{"line":17,"column":8},"end":{"line":19,"column":9}}]}},"s":{"0":1,"1":1,"2":1,"3":1,"4":0,"5":0,"6":0,"7":0,"8":0,"9":0,"10":0,"11":0,"12":1,"13":0,"14":1,"15":0,"16":0,"17":1},"f":{"0":1,"1":0,"2":0,"3":0,"4":0,"5":0},"b":{"0":[0,0],"1":[0,0],"2":[0,0]}}
,"F:\\Bootcamp\\Ultimate-Todo-List-App\\Part1-BackendServer\\Step1-Todo-NoSqlBase\\lib\\models\\usersSchema.ts": {"path":"F:\\Bootcamp\\Ultimate-Todo-List-App\\Part1-BackendServer\\Step1-Todo-NoSqlBase\\lib\\models\\usersSchema.ts","statementMap":{"0":{"start":{"line":1,"column":0},"end":{"line":1,"column":36}},"1":{"start":{"line":3,"column":17},"end":{"line":7,"column":2}},"2":{"start":{"line":9,"column":18},"end":{"line":9,"column":53}},"3":{"start":{"line":11,"column":0},"end":{"line":11,"column":27}}},"fnMap":{},"branchMap":{},"s":{"0":1,"1":1,"2":1,"3":1},"f":{},"b":{}}
,"F:\\Bootcamp\\Ultimate-Todo-List-App\\Part1-BackendServer\\Step1-Todo-NoSqlBase\\lib\\routes\\users.ts": {"path":"F:\\Bootcamp\\Ultimate-Todo-List-App\\Part1-BackendServer\\Step1-Todo-NoSqlBase\\lib\\routes\\users.ts","statementMap":{"0":{"start":{"line":1,"column":0},"end":{"line":1,"column":34}},"1":{"start":{"line":4,"column":13},"end":{"line":4,"column":29}},"2":{"start":{"line":7,"column":0},"end":{"line":9,"column":2}},"3":{"start":{"line":8,"column":4},"end":{"line":8,"column":42}},"4":{"start":{"line":14,"column":0},"end":{"line":14,"column":22}}},"fnMap":{"0":{"name":"(anonymous_0)","decl":{"start":{"line":7,"column":15},"end":{"line":7,"column":16}},"loc":{"start":{"line":7,"column":26},"end":{"line":9,"column":1}}}},"branchMap":{},"s":{"0":1,"1":1,"2":1,"3":1,"4":1},"f":{"0":1},"b":{}}
}
