TN:
SF:F:\Bootcamp\Ultimate-Todo-List-App\Part1-BackendServer\Step1-Todo-NoSqlBase\lib\app.ts
FN:31,(anonymous_0)
FNF:1
FNH:1
FNDA:1,(anonymous_0)
DA:1,2
DA:2,2
DA:3,2
DA:4,2
DA:5,2
DA:6,2
DA:7,2
DA:8,2
DA:9,2
DA:10,2
DA:11,2
DA:15,2
DA:16,2
DA:21,2
DA:22,2
DA:28,2
DA:31,2
DA:32,1
DA:33,1
DA:37,2
DA:38,2
DA:39,2
DA:42,2
DA:43,2
DA:47,2
DA:48,2
LF:26
LH:26
BRDA:32,0,0,0
BRDA:32,0,1,1
BRF:2
BRH:1
end_of_record
TN:
SF:F:\Bootcamp\Ultimate-Todo-List-App\Part1-BackendServer\Step1-Todo-NoSqlBase\lib\config\dev.ts
FNF:0
FNH:0
DA:1,2
LF:1
LH:1
BRF:0
BRH:0
end_of_record
TN:
SF:F:\Bootcamp\Ultimate-Todo-List-App\Part1-BackendServer\Step1-Todo-NoSqlBase\lib\config\key.ts
FNF:0
FNH:0
DA:1,2
DA:2,0
DA:4,2
LF:3
LH:2
BRDA:1,0,0,0
BRDA:1,0,1,2
BRF:2
BRH:1
end_of_record
TN:
SF:F:\Bootcamp\Ultimate-Todo-List-App\Part1-BackendServer\Step1-Todo-NoSqlBase\lib\config\Passport\index.ts
FN:6,default_1
FN:10,(anonymous_1)
FN:12,(anonymous_2)
FN:25,(anonymous_3)
FN:29,(anonymous_4)
FN:31,(anonymous_5)
FNF:6
FNH:4
FNDA:2,default_1
FNDA:1,(anonymous_1)
FNDA:1,(anonymous_2)
FNDA:1,(anonymous_3)
FNDA:0,(anonymous_4)
FNDA:0,(anonymous_5)
DA:1,2
DA:2,2
DA:3,2
DA:6,2
DA:9,2
DA:12,1
DA:13,1
DA:14,1
DA:15,0
DA:17,1
DA:18,0
DA:20,1
DA:25,2
DA:26,1
DA:29,2
DA:31,0
DA:32,0
LF:17
LH:13
BRDA:13,0,0,0
BRDA:13,0,1,1
BRDA:14,1,0,0
BRDA:14,1,1,1
BRDA:17,2,0,0
BRDA:17,2,1,1
BRF:6
BRH:3
end_of_record
TN:
SF:F:\Bootcamp\Ultimate-Todo-List-App\Part1-BackendServer\Step1-Todo-NoSqlBase\lib\models\usersSchema.ts
FNF:0
FNH:0
DA:1,2
DA:3,2
DA:9,2
DA:11,2
LF:4
LH:4
BRF:0
BRH:0
end_of_record
TN:
SF:F:\Bootcamp\Ultimate-Todo-List-App\Part1-BackendServer\Step1-Todo-NoSqlBase\lib\routes\addToDo.ts
FN:6,(anonymous_0)
FNF:1
FNH:1
FNDA:1,(anonymous_0)
DA:1,2
DA:3,2
DA:6,2
DA:7,1
DA:11,2
LF:5
LH:5
BRF:0
BRH:0
end_of_record
TN:
SF:F:\Bootcamp\Ultimate-Todo-List-App\Part1-BackendServer\Step1-Todo-NoSqlBase\lib\routes\users.ts
FN:7,(anonymous_0)
FN:13,(anonymous_1)
FN:15,(anonymous_2)
FN:27,(anonymous_3)
FN:34,(anonymous_4)
FN:40,(anonymous_5)
FNF:6
FNH:4
FNDA:1,(anonymous_0)
FNDA:0,(anonymous_1)
FNDA:0,(anonymous_2)
FNDA:1,(anonymous_3)
FNDA:1,(anonymous_4)
FNDA:1,(anonymous_5)
DA:1,2
DA:2,2
DA:3,2
DA:4,2
DA:7,2
DA:8,1
DA:13,2
DA:14,0
DA:15,0
DA:16,0
DA:17,0
DA:20,0
DA:27,2
DA:29,1
DA:34,2
DA:35,1
DA:36,1
DA:40,2
DA:41,1
DA:42,0
DA:45,1
DA:49,2
LF:22
LH:16
BRDA:16,0,0,0
BRDA:16,0,1,0
BRDA:41,1,0,0
BRDA:41,1,1,1
BRF:4
BRH:1
end_of_record
