TN:
SF:F:\Bootcamp\Ultimate-Todo-List-App\Part1-BackendServer\Step1-Todo-NoSqlBase\lib\app.ts
FN:30,(anonymous_0)
FNF:1
FNH:1
FNDA:1,(anonymous_0)
DA:1,1
DA:2,1
DA:3,1
DA:4,1
DA:5,1
DA:6,1
DA:7,1
DA:8,1
DA:9,1
DA:10,1
DA:14,1
DA:15,1
DA:20,1
DA:21,1
DA:27,1
DA:30,1
DA:31,1
DA:32,1
DA:36,1
DA:37,1
DA:38,1
DA:41,1
DA:42,1
DA:46,1
LF:24
LH:24
BRDA:31,0,0,0
BRDA:31,0,1,1
BRF:2
BRH:1
end_of_record
TN:
SF:F:\Bootcamp\Ultimate-Todo-List-App\Part1-BackendServer\Step1-Todo-NoSqlBase\lib\config\dev.ts
FNF:0
FNH:0
DA:1,1
LF:1
LH:1
BRF:0
BRH:0
end_of_record
TN:
SF:F:\Bootcamp\Ultimate-Todo-List-App\Part1-BackendServer\Step1-Todo-NoSqlBase\lib\config\key.ts
FNF:0
FNH:0
DA:1,1
DA:2,0
DA:4,1
LF:3
LH:2
BRDA:1,0,0,0
BRDA:1,0,1,1
BRF:2
BRH:1
end_of_record
TN:
SF:F:\Bootcamp\Ultimate-Todo-List-App\Part1-BackendServer\Step1-Todo-NoSqlBase\lib\config\Passport\index.ts
FN:6,default_1
FN:10,(anonymous_1)
FN:12,(anonymous_2)
FN:25,(anonymous_3)
FN:29,(anonymous_4)
FN:31,(anonymous_5)
FNF:6
FNH:1
FNDA:1,default_1
FNDA:0,(anonymous_1)
FNDA:0,(anonymous_2)
FNDA:0,(anonymous_3)
FNDA:0,(anonymous_4)
FNDA:0,(anonymous_5)
DA:1,1
DA:2,1
DA:3,1
DA:6,1
DA:9,1
DA:12,0
DA:13,0
DA:14,0
DA:15,0
DA:17,0
DA:18,0
DA:20,0
DA:25,1
DA:26,0
DA:29,1
DA:31,0
DA:32,0
LF:17
LH:7
BRDA:13,0,0,0
BRDA:13,0,1,0
BRDA:14,1,0,0
BRDA:14,1,1,0
BRDA:17,2,0,0
BRDA:17,2,1,0
BRF:6
BRH:0
end_of_record
TN:
SF:F:\Bootcamp\Ultimate-Todo-List-App\Part1-BackendServer\Step1-Todo-NoSqlBase\lib\models\usersSchema.ts
FNF:0
FNH:0
DA:1,1
DA:3,1
DA:9,1
DA:11,1
LF:4
LH:4
BRF:0
BRH:0
end_of_record
TN:
SF:F:\Bootcamp\Ultimate-Todo-List-App\Part1-BackendServer\Step1-Todo-NoSqlBase\lib\routes\users.ts
FN:7,(anonymous_0)
FN:13,(anonymous_1)
FN:15,(anonymous_2)
FNF:3
FNH:3
FNDA:1,(anonymous_0)
FNDA:1,(anonymous_1)
FNDA:1,(anonymous_2)
DA:1,1
DA:3,1
DA:4,1
DA:7,1
DA:8,1
DA:13,1
DA:14,1
DA:15,1
DA:16,1
DA:17,0
DA:20,1
DA:26,1
LF:12
LH:11
BRDA:16,0,0,0
BRDA:16,0,1,1
BRF:2
BRH:1
end_of_record
